------------------------------------------------------------
C:\sdk\Python34\Scripts\pip run on 09/10/16 17:14:40
Downloading/unpacking flask.bootstrap
  Getting page https://pypi.python.org/simple/flask.bootstrap/
  URLs to search for versions for flask.bootstrap:
  * https://pypi.python.org/simple/flask.bootstrap/
  Analyzing links from page https://pypi.python.org/simple/flask.bootstrap/
    Skipping link https://pypi.python.org/packages/05/8e/169e8023b82227bdb9b27cb3b28482efc005900cc9d0e814cc27bf17f414/Flask-Bootstrap-3.3.5.4.tar.gz#md5=5ac536388cdde137b5433f3cfaccc890 (from https://pypi.python.org/simple/flask.bootstrap/); wrong project name (not flask.bootstrap)
    Skipping link https://pypi.python.org/packages/0e/c4/777175562cf6a033d77c483998b6f619c6c24e6376bace73f924487561a3/Flask-Bootstrap-3.1.1.2.tar.gz#md5=d614eae3d00379b78ee7c01e40c10775 (from https://pypi.python.org/simple/flask.bootstrap/); wrong project name (not flask.bootstrap)
    Skipping link https://pypi.python.org/packages/13/25/abfc48a014c88f5875f0ce3c714dab8bac14f5b3495503c956bb7aaa3076/Flask-Bootstrap-3.1.1.1.tar.gz#md5=f3b89696754d75f4397822293dd6dced (from https://pypi.python.org/simple/flask.bootstrap/); wrong project name (not flask.bootstrap)
    Skipping link https://pypi.python.org/packages/17/76/bcdc1ce0b0f0be9a78140f36a3f06b2a66a77d49689bd91353b6482d5bbe/Flask-Bootstrap-2.3.0-1.tar.gz#md5=57902c53bd08a5bd5abbab35bcd6736a (from https://pypi.python.org/simple/flask.bootstrap/); wrong project name (not flask.bootstrap)
    Skipping link https://pypi.python.org/packages/29/0a/dd62c01cbed7fbe84aca94e4ea551cba6d3b366af7753e3055866efbd409/Flask-Bootstrap-2.1.0-1.tar.gz#md5=1db5b21c5d2ea87eb90238fb7dac6965 (from https://pypi.python.org/simple/flask.bootstrap/); wrong project name (not flask.bootstrap)
    Skipping link https://pypi.python.org/packages/2c/7a/349eb0e9f22b24b13f654ea95a56d5dde4015f4e58f7b89e8c6c271438b3/Flask-Bootstrap-3.0.0.1.dev1.tar.gz#md5=6ae422f578ecc1f16e79a06c467f3a5a (from https://pypi.python.org/simple/flask.bootstrap/); wrong project name (not flask.bootstrap)
    Skipping link https://pypi.python.org/packages/2d/42/901b496ebe80c9fbef2cba3ef3c3d53ca3be3bc284e1a7b6a94880f0fdca/Flask-Bootstrap-3.3.0.1.tar.gz#md5=298a3fa58d0e011da644495f6d01eb66 (from https://pypi.python.org/simple/flask.bootstrap/); wrong project name (not flask.bootstrap)
    Skipping link https://pypi.python.org/packages/45/73/7641a9c2ca6bad9efd3e49bd794a8a137502807efeac1f5083cee1341ac6/Flask-Bootstrap-2.2.1-1.tar.gz#md5=e51bbe9e53a49e4c721a54d82246aaaf (from https://pypi.python.org/simple/flask.bootstrap/); wrong project name (not flask.bootstrap)
    Skipping link https://pypi.python.org/packages/53/f3/116bf2f00f5c5d772bd6ef8116653badc04314d52a149a805bb3aa6e572e/Flask-Bootstrap-3.3.5.6.tar.gz#md5=8527aaefa724a30eef7578a3139bbdef (from https://pypi.python.org/simple/flask.bootstrap/); wrong project name (not flask.bootstrap)
    Skipping link https://pypi.python.org/packages/56/4e/1bda932eb5ec8c0385a43bf0d0a303829b53c0e814ddfa53ae428fa998eb/Flask-Bootstrap-2.3.2.1.tar.gz#md5=0f3773033b0273d0368853fabd86eb64 (from https://pypi.python.org/simple/flask.bootstrap/); wrong project name (not flask.bootstrap)
    Skipping link https://pypi.python.org/packages/59/e3/0c438032aec3d117107d07836b1d88818f05dbbf16c1a8ff19e9ef80c5fa/Flask-Bootstrap-2.0.4-2.tar.gz#md5=7f3c38b9f765032d659318d62faa2762 (from https://pypi.python.org/simple/flask.bootstrap/); wrong project name (not flask.bootstrap)
    Skipping link https://pypi.python.org/packages/61/2e/0b3c4b1244a9b55e2015f1f7b844a896125ff41d8a08268c060ec7ed056c/Flask-Bootstrap-2.0.4-3.tar.gz#md5=2eb0babf68870410be44331aa350f128 (from https://pypi.python.org/simple/flask.bootstrap/); wrong project name (not flask.bootstrap)
    Skipping link https://pypi.python.org/packages/6a/03/ee434f9252aa6d97647d963aef27ca3746f99bae5affd3c20ac739e6a0c1/Flask-Bootstrap-3.3.6.0.tar.gz#md5=b8aedbe51f2bf511af955f2bc288cd8c (from https://pypi.python.org/simple/flask.bootstrap/); wrong project name (not flask.bootstrap)
    Skipping link https://pypi.python.org/packages/70/47/02c0cbb052d4a6b37dcd28ede47d8fbe2b28dd4822e28e7c26d19a0f3421/Flask-Bootstrap-2.3.2.2.tar.gz#md5=5a464d4be6692bbc14f719b5658dbfb2 (from https://pypi.python.org/simple/flask.bootstrap/); wrong project name (not flask.bootstrap)
    Skipping link https://pypi.python.org/packages/70/50/7937859c006434f2607e6f55cf225add354fad40dad394f9eafaa36cd5ec/Flask-Bootstrap-3.3.4.1.tar.gz#md5=3df2b8071c440abe1f13570341da5207 (from https://pypi.python.org/simple/flask.bootstrap/); wrong project name (not flask.bootstrap)
    Skipping link https://pypi.python.org/packages/78/99/e2820ca62eaf2d39416d258fa8e1a3c75dda104da4147be46ec48419c883/Flask-Bootstrap-3.0.2.1.tar.gz#md5=26639e179d885e33194b55d3e3ac4bf1 (from https://pypi.python.org/simple/flask.bootstrap/); wrong project name (not flask.bootstrap)
    Skipping link https://pypi.python.org/packages/84/81/bc01beceea0be2d9ece6d0825eed9093e65be3176c04f15b8a717978168d/Flask-Bootstrap-3.0.0.1.dev2.tar.gz#md5=9cbc4c6d46c277f959f126da20097615 (from https://pypi.python.org/simple/flask.bootstrap/); wrong project name (not flask.bootstrap)
    Skipping link https://pypi.python.org/packages/85/96/4901570522d8e1058b9090da2dc1c822e47d4a254f185c9c281b6b3ccb6e/Flask-Bootstrap-3.3.5.3.tar.gz#md5=1756e7de2893a900bac82267fa78b94b (from https://pypi.python.org/simple/flask.bootstrap/); wrong project name (not flask.bootstrap)
    Skipping link https://pypi.python.org/packages/86/ef/8d3e4eeee246e72c05e338b06f90b045af7ce1606b20583c0c2ec6bfb02b/Flask-Bootstrap-3.3.5.1.tar.gz#md5=51b87159526dbeb2ce9c2932a5fcea86 (from https://pypi.python.org/simple/flask.bootstrap/); wrong project name (not flask.bootstrap)
    Skipping link https://pypi.python.org/packages/8b/55/6e926360ea1f5b5db3593bfc895b5eea4c10bc4266392a54266a6cda47ed/Flask-Bootstrap-3.3.5.5.tar.gz#md5=336e9629bdb99501072167b93f1dfbb0 (from https://pypi.python.org/simple/flask.bootstrap/); wrong project name (not flask.bootstrap)
    Skipping link https://pypi.python.org/packages/96/01/94333abeefc5384eea9f58accad5eb7b623f5d17ef8adab22d58f07529fd/Flask-Bootstrap-3.3.2.1.tar.gz#md5=1ba62fb21946586385a70590294919b0 (from https://pypi.python.org/simple/flask.bootstrap/); wrong project name (not flask.bootstrap)
    Skipping link https://pypi.python.org/packages/9c/fd/7e684238cc0f0b536fd22e51657e705bfe077a7ce2cfc4218577280bfc9c/Flask-Bootstrap-3.1.0.1.tar.gz#md5=ce8ec263b06f243fcaa5074766e75cd6 (from https://pypi.python.org/simple/flask.bootstrap/); wrong project name (not flask.bootstrap)
    Skipping link https://pypi.python.org/packages/a5/26/bd1de993e9e7bba88a2ab359f3470b5b12780156913ce2b627e39d5f8294/Flask-Bootstrap-3.3.5.2.tar.gz#md5=258ddb9976e135954aadf40914003579 (from https://pypi.python.org/simple/flask.bootstrap/); wrong project name (not flask.bootstrap)
    Skipping link https://pypi.python.org/packages/a8/54/4a97d3e2972e9e862c45a86da8b749e29d281d29e0346456a279eb0c0116/Flask-Bootstrap-3.2.0.1.tar.gz#md5=4cf153d614748588505fd9c52645403e (from https://pypi.python.org/simple/flask.bootstrap/); wrong project name (not flask.bootstrap)
    Skipping link https://pypi.python.org/packages/a9/07/20b944a2fc86b47553822f9bad940f876adc03198590cefca91a81d8c200/Flask-Bootstrap-3.2.0.2.tar.gz#md5=ddc1f9b89aead74855439e585162b07d (from https://pypi.python.org/simple/flask.bootstrap/); wrong project name (not flask.bootstrap)
    Skipping link https://pypi.python.org/packages/a9/b5/08090f032c7eea41c3fbb1bbe6408763c9151c7345651394579ec6dd73a9/Flask-Bootstrap-2.3.0-2.tar.gz#md5=e9a06f7ad50574a3ca854df99f008e9b (from https://pypi.python.org/simple/flask.bootstrap/); wrong project name (not flask.bootstrap)
    Skipping link https://pypi.python.org/packages/aa/0b/cd36b7b47f498eea294eaa2dabeada9a27ce1a932b540aec35fb1ca85221/Flask-Bootstrap-3.3.5.7.tar.gz#md5=4471ad68dbf71a3c68e00bd0e1301a9f (from https://pypi.python.org/simple/flask.bootstrap/); wrong project name (not flask.bootstrap)
    Skipping link https://pypi.python.org/packages/b8/83/f65aa29716e3663f5a11865d2a3285d32200d32f5715be9500a2f07ca551/Flask-Bootstrap-2.2.2-1.tar.gz#md5=f13f9e1a9c626fe57cc1258f1b7d0664 (from https://pypi.python.org/simple/flask.bootstrap/); wrong project name (not flask.bootstrap)
    Skipping link https://pypi.python.org/packages/bb/0f/404d07446b4fe0d7b20a2a3632b3e11db39353191e555f49854e5f1bfcc0/Flask-Bootstrap-3.3.7.0.tar.gz#md5=3eaf7c463ab17d39396e4b9ab66c99ef (from https://pypi.python.org/simple/flask.bootstrap/); wrong project name (not flask.bootstrap)
    Skipping link https://pypi.python.org/packages/d9/c3/5de7486098a741aa65f6cc84c810cb465087b9e6329b5f6ce4f662ac5796/Flask-Bootstrap-2.3.1-1.tar.gz#md5=030d5644bb963d043f005f409519708d (from https://pypi.python.org/simple/flask.bootstrap/); wrong project name (not flask.bootstrap)
    Skipping link https://pypi.python.org/packages/da/b8/9c80eed78749690df72c4d0e5e1dcf5e91536b78057d85d4cea566fbcf44/Flask-Bootstrap-3.0.0.1.tar.gz#md5=e2e487b2ba1ee36a63a2dd143ad35c49 (from https://pypi.python.org/simple/flask.bootstrap/); wrong project name (not flask.bootstrap)
    Skipping link https://pypi.python.org/packages/e9/03/56a42748c71475a70f76d65a0f4de6c7f7b4a9f0041000c8f43970d99a63/Flask-Bootstrap-3.0.2.3.tar.gz#md5=a0f39103c5db32fce90b59f36f969513 (from https://pypi.python.org/simple/flask.bootstrap/); wrong project name (not flask.bootstrap)
    Skipping link https://pypi.python.org/packages/f0/d2/1eac06d385d598ec49e180ea6a96fdd1ff3a5cb1c71980665733830fcf9b/Flask-Bootstrap-3.0.3.1.tar.gz#md5=339d337f81c260c6ab278c1b9abef11a (from https://pypi.python.org/simple/flask.bootstrap/); wrong project name (not flask.bootstrap)
    Skipping link https://pypi.python.org/packages/f4/c0/d2074dfca2e4c087c447a6aa15536b65a5700988442357ac68ad02abcb15/Flask-Bootstrap-2.1.1-1.tar.gz#md5=4fef85cc8aa43a436ab6f485f98238e5 (from https://pypi.python.org/simple/flask.bootstrap/); wrong project name (not flask.bootstrap)
    Skipping link https://pypi.python.org/packages/f8/5b/8ad9301f2cd0c220a9953077463cc24a70a0d22a5ac174db68bfdb9ce141/Flask-Bootstrap-3.0.2.2.tar.gz#md5=322ff0686efe60346151934a0b1620c0 (from https://pypi.python.org/simple/flask.bootstrap/); wrong project name (not flask.bootstrap)
  Could not find any downloads that satisfy the requirement flask.bootstrap
Cleaning up...
  Removing temporary dir C:\Users\maryz\AppData\Local\Temp\pip_build_maryz...
No distributions at all found for flask.bootstrap
Exception information:
Traceback (most recent call last):
  File "C:\sdk\Python34\lib\site-packages\pip\basecommand.py", line 122, in main
    status = self.run(options, args)
  File "C:\sdk\Python34\lib\site-packages\pip\commands\install.py", line 278, in run
    requirement_set.prepare_files(finder, force_root_egg_info=self.bundle, bundle=self.bundle)
  File "C:\sdk\Python34\lib\site-packages\pip\req.py", line 1177, in prepare_files
    url = finder.find_requirement(req_to_install, upgrade=self.upgrade)
  File "C:\sdk\Python34\lib\site-packages\pip\index.py", line 277, in find_requirement
    raise DistributionNotFound('No distributions at all found for %s' % req)
pip.exceptions.DistributionNotFound: No distributions at all found for flask.bootstrap
